mvision code/mVisionProject/app/build/intermediates/manifest_merge_blame_file/debug/manifest-merger-blame-debug-report.txt
1<?xml version="1.0" encoding="utf-8"?>
2<manifest xmlns:android="http://schemas.android.com/apk/res/android"
3    package="com.mVision.myProject"
4    android:versionCode="1"
5    android:versionName="1.1" >
6
7    <uses-sdk
8        android:minSdkVersion="14"
8-->src\main\AndroidManifest.xml
9        android:targetSdkVersion="25" />
9-->src\main\AndroidManifest.xml
10
11    <uses-permission android:name="android.permission.WAKE_LOCK" />
11-->src\main\AndroidManifest.xml:7:5-68
11-->src\main\AndroidManifest.xml:7:22-65
12    <uses-permission android:name="android.permission.CAMERA" />
12-->src\main\AndroidManifest.xml:8:5-65
12-->src\main\AndroidManifest.xml:8:22-62
13    <uses-permission android:name="android.permission.WRITE_EXTERNAL_STORAGE" />
13-->src\main\AndroidManifest.xml:9:5-81
13-->src\main\AndroidManifest.xml:9:22-78
14    <uses-permission android:name="android.permission.READ_EXTERNAL_STORAGE" />
14-->src\main\AndroidManifest.xml:10:5-80
14-->src\main\AndroidManifest.xml:10:22-77
15    <uses-permission android:name="android.permission.INTERNET" />
15-->src\main\AndroidManifest.xml:11:5-67
15-->src\main\AndroidManifest.xml:11:22-64
16
17    <uses-feature
17-->src\main\AndroidManifest.xml:13:5-15:35
18        android:name="android.hardware.camera"
18-->src\main\AndroidManifest.xml:14:9-47
19        android:required="true" />
19-->src\main\AndroidManifest.xml:15:9-32
20    <uses-feature
20-->src\main\AndroidManifest.xml:16:5-18:36
21        android:name="android.hardware.camera.autofocus"
21-->src\main\AndroidManifest.xml:17:9-57
22        android:required="false" />
22-->src\main\AndroidManifest.xml:18:9-33
23    <uses-feature
23-->src\main\AndroidManifest.xml:19:5-21:36
24        android:name="android.hardware.camera.front"
24-->src\main\AndroidManifest.xml:20:9-53
25        android:required="false" />
25-->src\main\AndroidManifest.xml:21:9-33
26    <uses-feature
26-->src\main\AndroidManifest.xml:22:5-24:36
27        android:name="android.hardware.camera.front.autofocus"
27-->src\main\AndroidManifest.xml:23:9-63
28        android:required="false" />
28-->src\main\AndroidManifest.xml:24:9-33
29
30    <meta-data
30-->[com.android.support:appcompat-v7:25.4.0] AndroidManifest.xml:26:9-28:38
31        android:name="android.support.VERSION"
31-->[com.android.support:appcompat-v7:25.4.0] AndroidManifest.xml:27:13-51
32        android:value="25.3.1" />
32-->[com.android.support:appcompat-v7:25.4.0] AndroidManifest.xml:28:13-35
33
34    <application
34-->src\main\AndroidManifest.xml:26:5-55:19
35        android:allowBackup="true"
35-->src\main\AndroidManifest.xml:27:9-35
36        android:debuggable="true"
37        android:icon="@drawable/ic_launcher"
37-->src\main\AndroidManifest.xml:28:9-45
38        android:label="@string/app_name"
38-->src\main\AndroidManifest.xml:29:9-41
39        android:largeHeap="true"
39-->src\main\AndroidManifest.xml:30:9-33
40        android:theme="@android:style/Theme.NoTitleBar.Fullscreen" >
40-->src\main\AndroidManifest.xml:31:9-67
41        <activity
41-->src\main\AndroidManifest.xml:35:9-44:20
42            android:name="com.mVision.myProject.LoginActivity"
42-->src\main\AndroidManifest.xml:36:13-63
43            android:label="@string/app_name"
43-->src\main\AndroidManifest.xml:37:13-45
44            android:screenOrientation="portrait" >
44-->src\main\AndroidManifest.xml:38:13-49
45            <intent-filter>
45-->src\main\AndroidManifest.xml:39:13-43:29
46                <action android:name="android.intent.action.MAIN" />
46-->src\main\AndroidManifest.xml:40:17-69
46-->src\main\AndroidManifest.xml:40:25-66
47
48                <category android:name="android.intent.category.LAUNCHER" />
48-->src\main\AndroidManifest.xml:42:17-77
48-->src\main\AndroidManifest.xml:42:27-74
49            </intent-filter>
50        </activity>
51        <activity android:name="com.mVision.myProject.PassportActivity" />
51-->src\main\AndroidManifest.xml:46:9-47:68
51-->src\main\AndroidManifest.xml:47:13-66
52        <activity
52-->src\main\AndroidManifest.xml:48:9-50:73
53            android:name="com.mVision.myProject.AndroidCamera"
53-->src\main\AndroidManifest.xml:49:13-63
54            android:label="@string/title_activity_recognize" />
54-->src\main\AndroidManifest.xml:50:13-61
55        <activity
55-->src\main\AndroidManifest.xml:51:9-53:73
56            android:name="com.mVision.myProject.RecognizeTextActivity"
56-->src\main\AndroidManifest.xml:52:13-71
57            android:label="@string/title_activity_recognize" />
57-->src\main\AndroidManifest.xml:53:13-61
58
59        <meta-data
59-->[com.android.support:appcompat-v7:25.4.0] AndroidManifest.xml:26:9-28:38
60            android:name="android.support.VERSION"
60-->[com.android.support:appcompat-v7:25.4.0] AndroidManifest.xml:27:13-51
61            android:value="25.4.0" />
61-->[com.android.support:appcompat-v7:25.4.0] AndroidManifest.xml:28:13-35
62    </application>
63
64</manifest>